<?xml version="1.0" encoding="UTF-8" ?>
<testsuite failures="0" time="1.963" errors="0" skipped="0" tests="52" name="TestSuite">
  <properties>
    <property name="java.runtime.name" value="Java(TM) SE Runtime Environment"/>
    <property name="sun.boot.library.path" value="C:\Program Files (x86)\Java\jdk1.7.0_05\jre\bin"/>
    <property name="java.vm.version" value="23.1-b03"/>
    <property name="java.vm.vendor" value="Oracle Corporation"/>
    <property name="java.vendor.url" value="http://java.oracle.com/"/>
    <property name="path.separator" value=";"/>
    <property name="java.vm.name" value="Java HotSpot(TM) Client VM"/>
    <property name="file.encoding.pkg" value="sun.io"/>
    <property name="user.script" value=""/>
    <property name="user.country" value="DE"/>
    <property name="sun.java.launcher" value="SUN_STANDARD"/>
    <property name="sun.os.patch.level" value="Service Pack 1"/>
    <property name="java.vm.specification.name" value="Java Virtual Machine Specification"/>
    <property name="user.dir" value="D:\Studium\git\CG1_Math"/>
    <property name="java.runtime.version" value="1.7.0_05-b05"/>
    <property name="java.awt.graphicsenv" value="sun.awt.Win32GraphicsEnvironment"/>
    <property name="basedir" value="D:\Studium\git\CG1_Math"/>
    <property name="java.endorsed.dirs" value="C:\Program Files (x86)\Java\jdk1.7.0_05\jre\lib\endorsed"/>
    <property name="os.arch" value="x86"/>
    <property name="surefire.real.class.path" value="D:\Studium\git\CG1_Math\target\surefire\surefirebooter6138409625673709209.jar"/>
    <property name="java.io.tmpdir" value="C:\Users\Hanna\AppData\Local\Temp\"/>
    <property name="line.separator" value="
"/>
    <property name="java.vm.specification.vendor" value="Oracle Corporation"/>
    <property name="user.variant" value=""/>
    <property name="os.name" value="Windows 7"/>
    <property name="sun.jnu.encoding" value="Cp1252"/>
    <property name="java.library.path" value="C:\Program Files (x86)\Java\jdk1.7.0_05\jre\bin;C:\Windows\Sun\Java\bin;C:\Windows\system32;C:\Windows;C:/Program Files (x86)/Java/jre7/bin/client;C:/Program Files (x86)/Java/jre7/bin;C:/Program Files (x86)/Java/jre7/lib/i386;C:\Windows\system32;C:\Windows;C:\Windows\System32\Wbem;C:\Windows\System32\WindowsPowerShell\v1.0\;D:\LaTeX\miktex\bin\;D:\Studium\17_FPA\eclipse;;."/>
    <property name="surefire.test.class.path" value="D:\Studium\git\CG1_Math\target\test-classes;D:\Studium\git\CG1_Math\target\classes;C:\Users\Hanna\.m2\repository\junit\junit\4.10\junit-4.10.jar;C:\Users\Hanna\.m2\repository\org\testng\testng\6.8\testng-6.8.jar;C:\Users\Hanna\.m2\repository\org\yaml\snakeyaml\1.6\snakeyaml-1.6.jar;C:\Users\Hanna\.m2\repository\org\slf4j\slf4j-api\1.7.1\slf4j-api-1.7.1.jar;C:\Users\Hanna\.m2\repository\org\slf4j\slf4j-simple\1.7.1\slf4j-simple-1.7.1.jar;C:\Users\Hanna\.m2\repository\org\hamcrest\hamcrest-core\1.1\hamcrest-core-1.1.jar;C:\Users\Hanna\.m2\repository\org\beanshell\bsh\2.0b4\bsh-2.0b4.jar;C:\Users\Hanna\.m2\repository\com\beust\jcommander\1.27\jcommander-1.27.jar;"/>
    <property name="java.specification.name" value="Java Platform API Specification"/>
    <property name="java.class.version" value="51.0"/>
    <property name="sun.management.compiler" value="HotSpot Client Compiler"/>
    <property name="os.version" value="6.1"/>
    <property name="user.home" value="C:\Users\Hanna"/>
    <property name="user.timezone" value="Europe/Berlin"/>
    <property name="java.awt.printerjob" value="sun.awt.windows.WPrinterJob"/>
    <property name="java.specification.version" value="1.7"/>
    <property name="file.encoding" value="Cp1252"/>
    <property name="user.name" value="Hanna"/>
    <property name="java.class.path" value="D:\Studium\git\CG1_Math\target\test-classes;D:\Studium\git\CG1_Math\target\classes;C:\Users\Hanna\.m2\repository\junit\junit\4.10\junit-4.10.jar;C:\Users\Hanna\.m2\repository\org\testng\testng\6.8\testng-6.8.jar;C:\Users\Hanna\.m2\repository\org\yaml\snakeyaml\1.6\snakeyaml-1.6.jar;C:\Users\Hanna\.m2\repository\org\slf4j\slf4j-api\1.7.1\slf4j-api-1.7.1.jar;C:\Users\Hanna\.m2\repository\org\slf4j\slf4j-simple\1.7.1\slf4j-simple-1.7.1.jar;C:\Users\Hanna\.m2\repository\org\hamcrest\hamcrest-core\1.1\hamcrest-core-1.1.jar;C:\Users\Hanna\.m2\repository\org\beanshell\bsh\2.0b4\bsh-2.0b4.jar;C:\Users\Hanna\.m2\repository\com\beust\jcommander\1.27\jcommander-1.27.jar;"/>
    <property name="java.vm.specification.version" value="1.7"/>
    <property name="sun.arch.data.model" value="32"/>
    <property name="java.home" value="C:\Program Files (x86)\Java\jdk1.7.0_05\jre"/>
    <property name="sun.java.command" value="D:\Studium\git\CG1_Math\target\surefire\surefirebooter6138409625673709209.jar D:\Studium\git\CG1_Math\target\surefire\surefire8863369178734269806tmp D:\Studium\git\CG1_Math\target\surefire\surefire1367042997167323513tmp"/>
    <property name="java.specification.vendor" value="Oracle Corporation"/>
    <property name="user.language" value="de"/>
    <property name="awt.toolkit" value="sun.awt.windows.WToolkit"/>
    <property name="java.vm.info" value="mixed mode, sharing"/>
    <property name="java.version" value="1.7.0_05"/>
    <property name="java.ext.dirs" value="C:\Program Files (x86)\Java\jdk1.7.0_05\jre\lib\ext;C:\Windows\Sun\Java\lib\ext"/>
    <property name="sun.boot.class.path" value="C:\Program Files (x86)\Java\jdk1.7.0_05\jre\lib\resources.jar;C:\Program Files (x86)\Java\jdk1.7.0_05\jre\lib\rt.jar;C:\Program Files (x86)\Java\jdk1.7.0_05\jre\lib\sunrsasign.jar;C:\Program Files (x86)\Java\jdk1.7.0_05\jre\lib\jsse.jar;C:\Program Files (x86)\Java\jdk1.7.0_05\jre\lib\jce.jar;C:\Program Files (x86)\Java\jdk1.7.0_05\jre\lib\charsets.jar;C:\Program Files (x86)\Java\jdk1.7.0_05\jre\lib\jfr.jar;C:\Program Files (x86)\Java\jdk1.7.0_05\jre\classes"/>
    <property name="java.vendor" value="Oracle Corporation"/>
    <property name="localRepository" value="C:\Users\Hanna\.m2\repository"/>
    <property name="file.separator" value="\"/>
    <property name="java.vendor.url.bug" value="http://bugreport.sun.com/bugreport/"/>
    <property name="sun.cpu.endian" value="little"/>
    <property name="sun.io.unicode.encoding" value="UnicodeLittle"/>
    <property name="sun.desktop" value="windows"/>
    <property name="sun.cpu.isalist" value="pentium_pro+mmx pentium_pro pentium+mmx pentium i486 i386 i86"/>
  </properties>
  <testcase time="0.015" classname="test.java.de.bht.fb6.cg1.raytracer.math.Vector3DImplTest" name="testAsNormal"/>
  <testcase time="0.019" classname="test.java.de.bht.fb6.cg1.raytracer.math.Vector3DImplTest" name="testCross"/>
  <testcase time="0" classname="test.java.de.bht.fb6.cg1.raytracer.math.Vector3DImplTest" name="testDiv"/>
  <testcase time="0" classname="test.java.de.bht.fb6.cg1.raytracer.math.Vector3DImplTest" name="testAddNormal"/>
  <testcase time="0" classname="test.java.de.bht.fb6.cg1.raytracer.math.Vector3DImplTest" name="testDotVector3D"/>
  <testcase time="0" classname="test.java.de.bht.fb6.cg1.raytracer.math.Vector3DImplTest" name="testDotNormal"/>
  <testcase time="0" classname="test.java.de.bht.fb6.cg1.raytracer.math.Vector3DImplTest" name="testGetMagnitude"/>
  <testcase time="0.001" classname="test.java.de.bht.fb6.cg1.raytracer.math.Vector3DImplTest" name="testGetX"/>
  <testcase time="0.001" classname="test.java.de.bht.fb6.cg1.raytracer.math.Vector3DImplTest" name="testAddVector3D"/>
  <testcase time="0.001" classname="test.java.de.bht.fb6.cg1.raytracer.math.Vector3DImplTest" name="testAsPoint"/>
  <testcase time="0" classname="test.java.de.bht.fb6.cg1.raytracer.math.Vector3DImplTest" name="testMul"/>
  <testcase time="0.001" classname="test.java.de.bht.fb6.cg1.raytracer.math.Vector3DImplTest" name="testVector3DImpl"/>
  <testcase time="0.001" classname="test.java.de.bht.fb6.cg1.raytracer.math.Vector3DImplTest" name="testNormalized"/>
  <testcase time="0" classname="test.java.de.bht.fb6.cg1.raytracer.math.RayImplTest" name="testAt"/>
  <testcase time="0" classname="test.java.de.bht.fb6.cg1.raytracer.math.RayImplTest" name="testGetDirection"/>
  <testcase time="0" classname="test.java.de.bht.fb6.cg1.raytracer.math.RayImplTest" name="testGetOrigin"/>
  <testcase time="0" classname="test.java.de.bht.fb6.cg1.raytracer.math.RayImplTest" name="testTOf"/>
  <testcase time="0" classname="test.java.de.bht.fb6.cg1.raytracer.math.RayImplTest" name="testRayImpl"/>
  <testcase time="0" classname="test.java.de.bht.fb6.cg1.raytracer.math.Vector3DImplTest" name="testGetZ"/>
  <testcase time="0" classname="test.java.de.bht.fb6.cg1.raytracer.math.Vector3DImplTest" name="testGetY"/>
  <testcase time="0" classname="test.java.de.bht.fb6.cg1.raytracer.math.NormalImplTest" name="testGetX"/>
  <testcase time="0" classname="test.java.de.bht.fb6.cg1.raytracer.math.NormalImplTest" name="testAsVector"/>
  <testcase time="0.001" classname="test.java.de.bht.fb6.cg1.raytracer.math.NormalImplTest" name="testGetY"/>
  <testcase time="0" classname="test.java.de.bht.fb6.cg1.raytracer.math.NormalImplTest" name="testGetZ"/>
  <testcase time="0" classname="test.java.de.bht.fb6.cg1.raytracer.math.NormalImplTest" name="testMul"/>
  <testcase time="0" classname="test.java.de.bht.fb6.cg1.raytracer.math.NormalImplTest" name="testAdd"/>
  <testcase time="0.014" classname="test.java.de.bht.fb6.cg1.raytracer.math.Vector3DImplTest" name="testSub"/>
  <testcase time="0.014" classname="test.java.de.bht.fb6.cg1.raytracer.math.NormalImplTest" name="testAsPoint"/>
  <testcase time="0" classname="test.java.de.bht.fb6.cg1.raytracer.math.Point3DImplTest" name="testAsNormal"/>
  <testcase time="0" classname="test.java.de.bht.fb6.cg1.raytracer.math.Point3DImplTest" name="testAdd"/>
  <testcase time="0" classname="test.java.de.bht.fb6.cg1.raytracer.math.NormalImplTest" name="testNormalImpl"/>
  <testcase time="0.001" classname="test.java.de.bht.fb6.cg1.raytracer.math.NormalImplTest" name="testNormalized"/>
  <testcase time="0" classname="test.java.de.bht.fb6.cg1.raytracer.math.Point3DImplTest" name="testAsVector"/>
  <testcase time="0" classname="test.java.de.bht.fb6.cg1.raytracer.math.Point3DImplTest" name="testDot"/>
  <testcase time="0" classname="test.java.de.bht.fb6.cg1.raytracer.math.Point3DImplTest" name="testGetY"/>
  <testcase time="0" classname="test.java.de.bht.fb6.cg1.raytracer.math.Point3DImplTest" name="testPoint3DImpl"/>
  <testcase time="0.001" classname="test.java.de.bht.fb6.cg1.raytracer.math.Point3DImplTest" name="testGetX"/>
  <testcase time="0.001" classname="test.java.de.bht.fb6.cg1.raytracer.math.Point3DImplTest" name="testGetZ"/>
  <testcase time="0" classname="test.java.de.bht.fb6.cg1.raytracer.math.Point3DImplTest" name="testSubPoint3D"/>
  <testcase time="0" classname="test.java.de.bht.fb6.cg1.raytracer.math.Mat3x3ImplTest" name="testMat3x3Impl"/>
  <testcase time="0" classname="test.java.de.bht.fb6.cg1.raytracer.math.Point3DImplTest" name="testSubVector3D"/>
  <testcase time="0" classname="test.java.de.bht.fb6.cg1.raytracer.math.Mat3x3ImplTest" name="testGetDeterminant"/>
  <testcase time="0.001" classname="test.java.de.bht.fb6.cg1.raytracer.math.Mat3x3ImplTest" name="testMulMat3x3"/>
  <testcase time="0" classname="test.java.de.bht.fb6.cg1.raytracer.math.Mat3x3ImplTest" name="testMulPoint3D"/>
  <testcase time="0.001" classname="test.java.de.bht.fb6.cg1.raytracer.math.Mat3x3ImplTest" name="testReplaceColumn0"/>
  <testcase time="0" classname="test.java.de.bht.fb6.cg1.raytracer.math.Mat3x3ImplTest" name="testReplaceColumn2"/>
  <testcase time="0" classname="test.java.de.bht.fb6.cg1.raytracer.math.Mat3x3ImplTest" name="testReplaceColumn1"/>
  <testcase time="0" classname="test.java.de.bht.fb6.cg1.raytracer.math.Mat3x3ImplTest" name="testMulVector3D"/>
  <testcase time="0" classname="test.java.de.bht.fb6.cg1.raytracer.math.NormalImplTest" name="testReflect"/>
  <testcase time="0" classname="test.java.de.bht.fb6.cg1.raytracer.math.Point2DImplTest" name="testGetX"/>
  <testcase time="0" classname="test.java.de.bht.fb6.cg1.raytracer.math.Point2DImplTest" name="testGetY"/>
  <testcase time="0" classname="test.java.de.bht.fb6.cg1.raytracer.math.Point2DImplTest" name="testPoint2DImpl"/>
</testsuite>