<?xml version="1.0" encoding="UTF-8"?>
<!-- Generated by org.testng.reporters.JUnitReportReporter -->
<testsuite hostname="Nebula" name="test.java.de.bht.fb6.cg1.raytracer.math.RayImplTest" tests="5" failures="0" timestamp="13 Oct 2012 13:09:33 GMT" time="0.000" errors="0">
  <testcase name="testGetDirection" time="0.000" classname="test.java.de.bht.fb6.cg1.raytracer.math.RayImplTest"/>
  <testcase name="testTOf" time="0.000" classname="test.java.de.bht.fb6.cg1.raytracer.math.RayImplTest"/>
  <testcase name="testAt" time="0.000" classname="test.java.de.bht.fb6.cg1.raytracer.math.RayImplTest"/>
  <testcase name="testGetOrigin" time="0.000" classname="test.java.de.bht.fb6.cg1.raytracer.math.RayImplTest"/>
  <testcase name="testRayImpl" time="0.000" classname="test.java.de.bht.fb6.cg1.raytracer.math.RayImplTest"/>
</testsuite> <!-- test.java.de.bht.fb6.cg1.raytracer.math.RayImplTest -->
