<?xml version="1.0" encoding="UTF-8"?>
<!-- Generated by org.testng.reporters.JUnitReportReporter -->
<testsuite hostname="Nebula" name="test.java.de.bht.fb6.cg1.raytracer.math.Point3DImplTest" tests="10" failures="0" timestamp="13 Oct 2012 13:09:33 GMT" time="0.003" errors="0">
  <testcase name="testAdd" time="0.000" classname="test.java.de.bht.fb6.cg1.raytracer.math.Point3DImplTest"/>
  <testcase name="testSubPoint3D" time="0.000" classname="test.java.de.bht.fb6.cg1.raytracer.math.Point3DImplTest"/>
  <testcase name="testPoint3DImpl" time="0.000" classname="test.java.de.bht.fb6.cg1.raytracer.math.Point3DImplTest"/>
  <testcase name="testAsVector" time="0.000" classname="test.java.de.bht.fb6.cg1.raytracer.math.Point3DImplTest"/>
  <testcase name="testGetY" time="0.001" classname="test.java.de.bht.fb6.cg1.raytracer.math.Point3DImplTest"/>
  <testcase name="testGetZ" time="0.001" classname="test.java.de.bht.fb6.cg1.raytracer.math.Point3DImplTest"/>
  <testcase name="testGetX" time="0.000" classname="test.java.de.bht.fb6.cg1.raytracer.math.Point3DImplTest"/>
  <testcase name="testSubVector3D" time="0.001" classname="test.java.de.bht.fb6.cg1.raytracer.math.Point3DImplTest"/>
  <testcase name="testDot" time="0.000" classname="test.java.de.bht.fb6.cg1.raytracer.math.Point3DImplTest"/>
  <testcase name="testAsNormal" time="0.000" classname="test.java.de.bht.fb6.cg1.raytracer.math.Point3DImplTest"/>
</testsuite> <!-- test.java.de.bht.fb6.cg1.raytracer.math.Point3DImplTest -->
