<?xml version="1.0" encoding="UTF-8"?>
<!-- Generated by org.testng.reporters.JUnitReportReporter -->
<testsuite hostname="Nebula" name="test.java.de.bht.fb6.cg1.raytracer.math.Vector3DImplTest" tests="16" failures="0" timestamp="13 Oct 2012 13:09:33 GMT" time="0.097" errors="0">
  <testcase name="testAddNormal" time="0.016" classname="test.java.de.bht.fb6.cg1.raytracer.math.Vector3DImplTest"/>
  <testcase name="testAsNormal" time="0.017" classname="test.java.de.bht.fb6.cg1.raytracer.math.Vector3DImplTest"/>
  <testcase name="testGetY" time="0.005" classname="test.java.de.bht.fb6.cg1.raytracer.math.Vector3DImplTest"/>
  <testcase name="testCross" time="0.017" classname="test.java.de.bht.fb6.cg1.raytracer.math.Vector3DImplTest"/>
  <testcase name="testAsPoint" time="0.017" classname="test.java.de.bht.fb6.cg1.raytracer.math.Vector3DImplTest"/>
  <testcase name="testGetZ" time="0.004" classname="test.java.de.bht.fb6.cg1.raytracer.math.Vector3DImplTest"/>
  <testcase name="testGetMagnitude" time="0.000" classname="test.java.de.bht.fb6.cg1.raytracer.math.Vector3DImplTest"/>
  <testcase name="testMul" time="0.000" classname="test.java.de.bht.fb6.cg1.raytracer.math.Vector3DImplTest"/>
  <testcase name="testDotNormal" time="0.001" classname="test.java.de.bht.fb6.cg1.raytracer.math.Vector3DImplTest"/>
  <testcase name="testGetX" time="0.000" classname="test.java.de.bht.fb6.cg1.raytracer.math.Vector3DImplTest"/>
  <testcase name="testDiv" time="0.000" classname="test.java.de.bht.fb6.cg1.raytracer.math.Vector3DImplTest"/>
  <testcase name="testDotVector3D" time="0.000" classname="test.java.de.bht.fb6.cg1.raytracer.math.Vector3DImplTest"/>
  <testcase name="testVector3DImpl" time="0.001" classname="test.java.de.bht.fb6.cg1.raytracer.math.Vector3DImplTest"/>
  <testcase name="testNormalized" time="0.001" classname="test.java.de.bht.fb6.cg1.raytracer.math.Vector3DImplTest"/>
  <testcase name="testAddVector3D" time="0.017" classname="test.java.de.bht.fb6.cg1.raytracer.math.Vector3DImplTest"/>
  <testcase name="testSub" time="0.001" classname="test.java.de.bht.fb6.cg1.raytracer.math.Vector3DImplTest"/>
</testsuite> <!-- test.java.de.bht.fb6.cg1.raytracer.math.Vector3DImplTest -->
