<?xml version="1.0" encoding="UTF-8"?>
<!-- Generated by org.testng.reporters.JUnitReportReporter -->
<testsuite hostname="Nebula" name="test.java.de.bht.fb6.cg1.raytracer.math.Mat3x3ImplTest" tests="8" failures="0" timestamp="13 Oct 2012 13:09:33 GMT" time="0.002" errors="0">
  <testcase name="testReplaceColumn2" time="0.000" classname="test.java.de.bht.fb6.cg1.raytracer.math.Mat3x3ImplTest"/>
  <testcase name="testMat3x3Impl" time="0.000" classname="test.java.de.bht.fb6.cg1.raytracer.math.Mat3x3ImplTest"/>
  <testcase name="testGetDeterminant" time="0.000" classname="test.java.de.bht.fb6.cg1.raytracer.math.Mat3x3ImplTest"/>
  <testcase name="testMulMat3x3" time="0.001" classname="test.java.de.bht.fb6.cg1.raytracer.math.Mat3x3ImplTest"/>
  <testcase name="testReplaceColumn1" time="0.000" classname="test.java.de.bht.fb6.cg1.raytracer.math.Mat3x3ImplTest"/>
  <testcase name="testReplaceColumn0" time="0.001" classname="test.java.de.bht.fb6.cg1.raytracer.math.Mat3x3ImplTest"/>
  <testcase name="testMulVector3D" time="0.000" classname="test.java.de.bht.fb6.cg1.raytracer.math.Mat3x3ImplTest"/>
  <testcase name="testMulPoint3D" time="0.000" classname="test.java.de.bht.fb6.cg1.raytracer.math.Mat3x3ImplTest"/>
</testsuite> <!-- test.java.de.bht.fb6.cg1.raytracer.math.Mat3x3ImplTest -->
