<?xml version="1.0" encoding="UTF-8"?>
<!-- Generated by org.testng.reporters.JUnitReportReporter -->
<testsuite hostname="Nebula" name="test.java.de.bht.fb6.cg1.raytracer.math.NormalImplTest" tests="10" failures="0" timestamp="13 Oct 2012 13:09:33 GMT" time="0.043" errors="0">
  <testcase name="testGetX" time="0.000" classname="test.java.de.bht.fb6.cg1.raytracer.math.NormalImplTest"/>
  <testcase name="testNormalImpl" time="0.013" classname="test.java.de.bht.fb6.cg1.raytracer.math.NormalImplTest"/>
  <testcase name="testAsPoint" time="0.015" classname="test.java.de.bht.fb6.cg1.raytracer.math.NormalImplTest"/>
  <testcase name="testMul" time="0.000" classname="test.java.de.bht.fb6.cg1.raytracer.math.NormalImplTest"/>
  <testcase name="testAsVector" time="0.001" classname="test.java.de.bht.fb6.cg1.raytracer.math.NormalImplTest"/>
  <testcase name="testGetZ" time="0.000" classname="test.java.de.bht.fb6.cg1.raytracer.math.NormalImplTest"/>
  <testcase name="testNormalized" time="0.001" classname="test.java.de.bht.fb6.cg1.raytracer.math.NormalImplTest"/>
  <testcase name="testReflect" time="0.008" classname="test.java.de.bht.fb6.cg1.raytracer.math.NormalImplTest"/>
  <testcase name="testAdd" time="0.004" classname="test.java.de.bht.fb6.cg1.raytracer.math.NormalImplTest"/>
  <testcase name="testGetY" time="0.001" classname="test.java.de.bht.fb6.cg1.raytracer.math.NormalImplTest"/>
</testsuite> <!-- test.java.de.bht.fb6.cg1.raytracer.math.NormalImplTest -->
