<?xml version="1.0" encoding="UTF-8"?>
<!-- Generated by org.testng.reporters.JUnitReportReporter -->
<testsuite hostname="Nebula" name="test.java.de.bht.fb6.cg1.raytracer.math.Point2DImplTest" tests="3" failures="0" timestamp="13 Oct 2012 13:09:33 GMT" time="0.000" errors="0">
  <testcase name="testPoint2DImpl" time="0.000" classname="test.java.de.bht.fb6.cg1.raytracer.math.Point2DImplTest"/>
  <testcase name="testGetY" time="0.000" classname="test.java.de.bht.fb6.cg1.raytracer.math.Point2DImplTest"/>
  <testcase name="testGetX" time="0.000" classname="test.java.de.bht.fb6.cg1.raytracer.math.Point2DImplTest"/>
</testsuite> <!-- test.java.de.bht.fb6.cg1.raytracer.math.Point2DImplTest -->
